mode: set
github.com/yourusername/driftdetector/cmd/commands/detect.go:19.36,37.55 2 0
github.com/yourusername/driftdetector/cmd/commands/detect.go:37.55,38.34 1 0
github.com/yourusername/driftdetector/cmd/commands/detect.go:38.34,40.5 1 0
github.com/yourusername/driftdetector/cmd/commands/detect.go:41.4,41.79 1 0
github.com/yourusername/driftdetector/cmd/commands/detect.go:46.2,58.12 8 0
github.com/yourusername/driftdetector/cmd/commands/detect.go:62.138,64.32 1 0
github.com/yourusername/driftdetector/cmd/commands/detect.go:64.32,65.45 1 0
github.com/yourusername/driftdetector/cmd/commands/detect.go:65.45,68.4 2 0
github.com/yourusername/driftdetector/cmd/commands/detect.go:72.2,72.57 1 0
github.com/yourusername/driftdetector/cmd/commands/detect.go:72.57,73.33 1 0
github.com/yourusername/driftdetector/cmd/commands/detect.go:73.33,74.73 1 0
github.com/yourusername/driftdetector/cmd/commands/detect.go:74.73,77.5 2 0
github.com/yourusername/driftdetector/cmd/commands/detect.go:81.2,82.24 2 0
github.com/yourusername/driftdetector/cmd/commands/detect.go:82.24,84.3 1 0
github.com/yourusername/driftdetector/cmd/commands/detect.go:85.2,85.12 1 0
github.com/yourusername/driftdetector/cmd/commands/detect.go:89.62,90.29 1 0
github.com/yourusername/driftdetector/cmd/commands/detect.go:90.29,92.3 1 0
github.com/yourusername/driftdetector/cmd/commands/detect.go:95.2,95.24 1 0
github.com/yourusername/driftdetector/cmd/commands/detect.go:95.24,97.3 1 0
github.com/yourusername/driftdetector/cmd/commands/detect.go:100.2,100.43 1 0
github.com/yourusername/driftdetector/cmd/commands/detect.go:100.43,101.23 1 0
github.com/yourusername/driftdetector/cmd/commands/detect.go:101.23,103.4 1 0
github.com/yourusername/driftdetector/cmd/commands/detect.go:106.2,106.12 1 0
github.com/yourusername/driftdetector/cmd/commands/detect.go:110.82,113.16 2 0
github.com/yourusername/driftdetector/cmd/commands/detect.go:113.16,115.3 1 0
github.com/yourusername/driftdetector/cmd/commands/detect.go:118.2,118.18 1 0
github.com/yourusername/driftdetector/cmd/commands/detect.go:118.18,120.3 1 0
github.com/yourusername/driftdetector/cmd/commands/detect.go:123.2,124.16 2 0
github.com/yourusername/driftdetector/cmd/commands/detect.go:124.16,126.3 1 0
github.com/yourusername/driftdetector/cmd/commands/detect.go:129.2,130.54 2 0
github.com/yourusername/driftdetector/cmd/commands/detect.go:130.54,132.3 1 0
github.com/yourusername/driftdetector/cmd/commands/detect.go:135.2,135.22 1 0
github.com/yourusername/driftdetector/cmd/commands/detect.go:135.22,137.3 1 0
github.com/yourusername/driftdetector/cmd/commands/detect.go:140.2,140.52 1 0
github.com/yourusername/driftdetector/cmd/commands/detect.go:140.52,142.3 1 0
github.com/yourusername/driftdetector/cmd/commands/detect.go:144.2,144.21 1 0
github.com/yourusername/driftdetector/cmd/commands/detect.go:147.124,155.22 2 0
github.com/yourusername/driftdetector/cmd/commands/detect.go:155.22,157.3 1 0
github.com/yourusername/driftdetector/cmd/commands/detect.go:159.2,159.34 1 0
github.com/yourusername/driftdetector/cmd/commands/detect.go:159.34,161.3 1 0
github.com/yourusername/driftdetector/cmd/commands/detect.go:163.2,166.14 3 0
github.com/yourusername/driftdetector/cmd/commands/detect.go:166.14,170.17 3 0
github.com/yourusername/driftdetector/cmd/commands/detect.go:170.17,172.4 1 0
github.com/yourusername/driftdetector/cmd/commands/detect.go:173.8,177.17 3 0
github.com/yourusername/driftdetector/cmd/commands/detect.go:177.17,179.4 1 0
github.com/yourusername/driftdetector/cmd/commands/detect.go:182.3,184.17 3 0
github.com/yourusername/driftdetector/cmd/commands/detect.go:184.17,186.4 1 0
github.com/yourusername/driftdetector/cmd/commands/detect.go:190.2,194.19 4 0
github.com/yourusername/driftdetector/cmd/commands/detect.go:194.19,197.17 3 0
github.com/yourusername/driftdetector/cmd/commands/detect.go:197.17,199.4 1 0
github.com/yourusername/driftdetector/cmd/commands/detect.go:200.8,200.24 1 0
github.com/yourusername/driftdetector/cmd/commands/detect.go:200.24,204.17 3 0
github.com/yourusername/driftdetector/cmd/commands/detect.go:204.17,206.4 1 0
github.com/yourusername/driftdetector/cmd/commands/detect.go:208.3,209.33 2 0
github.com/yourusername/driftdetector/cmd/commands/detect.go:209.33,210.43 1 0
github.com/yourusername/driftdetector/cmd/commands/detect.go:210.43,214.19 4 0
github.com/yourusername/driftdetector/cmd/commands/detect.go:214.19,216.14 2 0
github.com/yourusername/driftdetector/cmd/commands/detect.go:218.5,218.24 1 0
github.com/yourusername/driftdetector/cmd/commands/detect.go:218.24,221.6 2 0
github.com/yourusername/driftdetector/cmd/commands/detect.go:225.3,225.20 1 0
github.com/yourusername/driftdetector/cmd/commands/detect.go:225.20,227.4 1 0
github.com/yourusername/driftdetector/cmd/commands/detect.go:230.2,230.25 1 0
github.com/yourusername/driftdetector/cmd/commands/detect.go:230.25,232.3 1 0
github.com/yourusername/driftdetector/cmd/commands/detect.go:235.2,237.21 3 0
github.com/yourusername/driftdetector/cmd/commands/detect.go:237.21,239.3 1 0
github.com/yourusername/driftdetector/cmd/commands/detect.go:242.2,253.21 7 0
github.com/yourusername/driftdetector/cmd/commands/detect.go:253.21,255.39 2 0
github.com/yourusername/driftdetector/cmd/commands/detect.go:255.39,256.22 1 0
github.com/yourusername/driftdetector/cmd/commands/detect.go:257.33,258.95 1 0
github.com/yourusername/driftdetector/cmd/commands/detect.go:259.35,260.110 1 0
github.com/yourusername/driftdetector/cmd/commands/detect.go:261.36,262.113 1 0
github.com/yourusername/driftdetector/cmd/commands/detect.go:265.8,267.3 1 0
github.com/yourusername/driftdetector/cmd/commands/detect.go:269.2,269.12 1 0
github.com/yourusername/driftdetector/cmd/commands/list.go:15.34,26.55 2 0
github.com/yourusername/driftdetector/cmd/commands/list.go:26.55,28.4 1 0
github.com/yourusername/driftdetector/cmd/commands/list.go:32.2,38.12 4 0
github.com/yourusername/driftdetector/cmd/commands/list.go:41.78,43.34 1 0
github.com/yourusername/driftdetector/cmd/commands/list.go:43.34,45.3 1 0
github.com/yourusername/driftdetector/cmd/commands/list.go:48.2,52.19 4 0
github.com/yourusername/driftdetector/cmd/commands/list.go:52.19,54.3 1 0
github.com/yourusername/driftdetector/cmd/commands/list.go:54.8,57.17 2 0
github.com/yourusername/driftdetector/cmd/commands/list.go:57.17,59.4 1 0
github.com/yourusername/driftdetector/cmd/commands/list.go:61.3,61.33 1 0
github.com/yourusername/driftdetector/cmd/commands/list.go:61.33,62.43 1 0
github.com/yourusername/driftdetector/cmd/commands/list.go:62.43,65.19 3 0
github.com/yourusername/driftdetector/cmd/commands/list.go:65.19,67.6 1 0
github.com/yourusername/driftdetector/cmd/commands/list.go:68.5,68.22 1 0
github.com/yourusername/driftdetector/cmd/commands/list.go:68.22,70.6 1 0
github.com/yourusername/driftdetector/cmd/commands/list.go:75.2,75.16 1 0
github.com/yourusername/driftdetector/cmd/commands/list.go:75.16,77.3 1 0
github.com/yourusername/driftdetector/cmd/commands/list.go:80.2,80.23 1 0
github.com/yourusername/driftdetector/cmd/commands/list.go:80.23,83.3 2 0
github.com/yourusername/driftdetector/cmd/commands/list.go:85.2,88.33 3 0
github.com/yourusername/driftdetector/cmd/commands/list.go:88.33,89.20 1 0
github.com/yourusername/driftdetector/cmd/commands/list.go:89.20,90.12 1 0
github.com/yourusername/driftdetector/cmd/commands/list.go:94.3,95.33 2 0
github.com/yourusername/driftdetector/cmd/commands/list.go:95.33,97.4 1 0
github.com/yourusername/driftdetector/cmd/commands/list.go:100.3,101.23 2 0
github.com/yourusername/driftdetector/cmd/commands/list.go:101.23,103.4 1 0
github.com/yourusername/driftdetector/cmd/commands/list.go:104.3,105.25 2 0
github.com/yourusername/driftdetector/cmd/commands/list.go:105.25,107.4 1 0
github.com/yourusername/driftdetector/cmd/commands/list.go:108.3,109.16 2 0
github.com/yourusername/driftdetector/cmd/commands/list.go:109.16,111.4 1 0
github.com/yourusername/driftdetector/cmd/commands/list.go:112.3,112.20 1 0
github.com/yourusername/driftdetector/cmd/commands/list.go:112.20,114.4 1 0
github.com/yourusername/driftdetector/cmd/commands/list.go:116.3,121.4 1 0
github.com/yourusername/driftdetector/cmd/commands/list.go:124.2,126.12 2 0
github.com/yourusername/driftdetector/cmd/commands/root.go:28.34,38.2 5 0
github.com/yourusername/driftdetector/cmd/commands/root.go:42.16,43.47 1 0
github.com/yourusername/driftdetector/cmd/commands/root.go:43.47,45.3 1 0
github.com/yourusername/driftdetector/cmd/commands/root.go:48.13,52.2 2 0
github.com/yourusername/driftdetector/cmd/commands/version.go:22.37,27.48 1 0
github.com/yourusername/driftdetector/cmd/commands/version.go:27.48,29.4 1 0
github.com/yourusername/driftdetector/cmd/commands/version.go:35.26,38.2 1 0
