mode: set
github.com/yourusername/driftdetector/cmd/main.go:10.13,12.42 2 0
github.com/yourusername/driftdetector/cmd/main.go:12.42,15.3 2 0
github.com/yourusername/driftdetector/cmd/commands/detect.go:19.36,37.55 2 0
github.com/yourusername/driftdetector/cmd/commands/detect.go:37.55,38.34 1 0
github.com/yourusername/driftdetector/cmd/commands/detect.go:38.34,40.5 1 0
github.com/yourusername/driftdetector/cmd/commands/detect.go:41.4,41.79 1 0
github.com/yourusername/driftdetector/cmd/commands/detect.go:46.2,58.12 8 0
github.com/yourusername/driftdetector/cmd/commands/detect.go:62.138,64.32 1 0
github.com/yourusername/driftdetector/cmd/commands/detect.go:64.32,65.45 1 0
github.com/yourusername/driftdetector/cmd/commands/detect.go:65.45,68.4 2 0
github.com/yourusername/driftdetector/cmd/commands/detect.go:72.2,72.57 1 0
github.com/yourusername/driftdetector/cmd/commands/detect.go:72.57,73.33 1 0
github.com/yourusername/driftdetector/cmd/commands/detect.go:73.33,74.73 1 0
github.com/yourusername/driftdetector/cmd/commands/detect.go:74.73,77.5 2 0
github.com/yourusername/driftdetector/cmd/commands/detect.go:81.2,82.24 2 0
github.com/yourusername/driftdetector/cmd/commands/detect.go:82.24,84.3 1 0
github.com/yourusername/driftdetector/cmd/commands/detect.go:85.2,85.12 1 0
github.com/yourusername/driftdetector/cmd/commands/detect.go:89.62,90.29 1 0
github.com/yourusername/driftdetector/cmd/commands/detect.go:90.29,92.3 1 0
github.com/yourusername/driftdetector/cmd/commands/detect.go:95.2,95.24 1 0
github.com/yourusername/driftdetector/cmd/commands/detect.go:95.24,97.3 1 0
github.com/yourusername/driftdetector/cmd/commands/detect.go:100.2,100.43 1 0
github.com/yourusername/driftdetector/cmd/commands/detect.go:100.43,101.23 1 0
github.com/yourusername/driftdetector/cmd/commands/detect.go:101.23,103.4 1 0
github.com/yourusername/driftdetector/cmd/commands/detect.go:106.2,106.12 1 0
github.com/yourusername/driftdetector/cmd/commands/detect.go:110.82,113.16 2 0
github.com/yourusername/driftdetector/cmd/commands/detect.go:113.16,115.3 1 0
github.com/yourusername/driftdetector/cmd/commands/detect.go:118.2,118.18 1 0
github.com/yourusername/driftdetector/cmd/commands/detect.go:118.18,120.3 1 0
github.com/yourusername/driftdetector/cmd/commands/detect.go:123.2,124.16 2 0
github.com/yourusername/driftdetector/cmd/commands/detect.go:124.16,126.3 1 0
github.com/yourusername/driftdetector/cmd/commands/detect.go:129.2,130.54 2 0
github.com/yourusername/driftdetector/cmd/commands/detect.go:130.54,132.3 1 0
github.com/yourusername/driftdetector/cmd/commands/detect.go:135.2,135.22 1 0
github.com/yourusername/driftdetector/cmd/commands/detect.go:135.22,137.3 1 0
github.com/yourusername/driftdetector/cmd/commands/detect.go:140.2,140.52 1 0
github.com/yourusername/driftdetector/cmd/commands/detect.go:140.52,142.3 1 0
github.com/yourusername/driftdetector/cmd/commands/detect.go:144.2,144.21 1 0
github.com/yourusername/driftdetector/cmd/commands/detect.go:147.124,155.22 2 0
github.com/yourusername/driftdetector/cmd/commands/detect.go:155.22,157.3 1 0
github.com/yourusername/driftdetector/cmd/commands/detect.go:159.2,159.34 1 0
github.com/yourusername/driftdetector/cmd/commands/detect.go:159.34,161.3 1 0
github.com/yourusername/driftdetector/cmd/commands/detect.go:163.2,166.14 3 0
github.com/yourusername/driftdetector/cmd/commands/detect.go:166.14,170.17 3 0
github.com/yourusername/driftdetector/cmd/commands/detect.go:170.17,172.4 1 0
github.com/yourusername/driftdetector/cmd/commands/detect.go:173.8,177.17 3 0
github.com/yourusername/driftdetector/cmd/commands/detect.go:177.17,179.4 1 0
github.com/yourusername/driftdetector/cmd/commands/detect.go:182.3,184.17 3 0
github.com/yourusername/driftdetector/cmd/commands/detect.go:184.17,186.4 1 0
github.com/yourusername/driftdetector/cmd/commands/detect.go:190.2,194.19 4 0
github.com/yourusername/driftdetector/cmd/commands/detect.go:194.19,197.17 3 0
github.com/yourusername/driftdetector/cmd/commands/detect.go:197.17,199.4 1 0
github.com/yourusername/driftdetector/cmd/commands/detect.go:200.8,200.24 1 0
github.com/yourusername/driftdetector/cmd/commands/detect.go:200.24,204.17 3 0
github.com/yourusername/driftdetector/cmd/commands/detect.go:204.17,206.4 1 0
github.com/yourusername/driftdetector/cmd/commands/detect.go:208.3,209.33 2 0
github.com/yourusername/driftdetector/cmd/commands/detect.go:209.33,210.43 1 0
github.com/yourusername/driftdetector/cmd/commands/detect.go:210.43,214.19 4 0
github.com/yourusername/driftdetector/cmd/commands/detect.go:214.19,216.14 2 0
github.com/yourusername/driftdetector/cmd/commands/detect.go:218.5,218.24 1 0
github.com/yourusername/driftdetector/cmd/commands/detect.go:218.24,221.6 2 0
github.com/yourusername/driftdetector/cmd/commands/detect.go:225.3,225.20 1 0
github.com/yourusername/driftdetector/cmd/commands/detect.go:225.20,227.4 1 0
github.com/yourusername/driftdetector/cmd/commands/detect.go:230.2,230.25 1 0
github.com/yourusername/driftdetector/cmd/commands/detect.go:230.25,232.3 1 0
github.com/yourusername/driftdetector/cmd/commands/detect.go:235.2,237.21 3 0
github.com/yourusername/driftdetector/cmd/commands/detect.go:237.21,239.3 1 0
github.com/yourusername/driftdetector/cmd/commands/detect.go:242.2,253.21 7 0
github.com/yourusername/driftdetector/cmd/commands/detect.go:253.21,255.39 2 0
github.com/yourusername/driftdetector/cmd/commands/detect.go:255.39,256.22 1 0
github.com/yourusername/driftdetector/cmd/commands/detect.go:257.33,258.95 1 0
github.com/yourusername/driftdetector/cmd/commands/detect.go:259.35,260.110 1 0
github.com/yourusername/driftdetector/cmd/commands/detect.go:261.36,262.113 1 0
github.com/yourusername/driftdetector/cmd/commands/detect.go:265.8,267.3 1 0
github.com/yourusername/driftdetector/cmd/commands/detect.go:269.2,269.12 1 0
github.com/yourusername/driftdetector/cmd/commands/list.go:15.34,26.55 2 0
github.com/yourusername/driftdetector/cmd/commands/list.go:26.55,28.4 1 0
github.com/yourusername/driftdetector/cmd/commands/list.go:32.2,38.12 4 0
github.com/yourusername/driftdetector/cmd/commands/list.go:41.78,43.34 1 0
github.com/yourusername/driftdetector/cmd/commands/list.go:43.34,45.3 1 0
github.com/yourusername/driftdetector/cmd/commands/list.go:48.2,52.19 4 0
github.com/yourusername/driftdetector/cmd/commands/list.go:52.19,54.3 1 0
github.com/yourusername/driftdetector/cmd/commands/list.go:54.8,57.17 2 0
github.com/yourusername/driftdetector/cmd/commands/list.go:57.17,59.4 1 0
github.com/yourusername/driftdetector/cmd/commands/list.go:61.3,61.33 1 0
github.com/yourusername/driftdetector/cmd/commands/list.go:61.33,62.43 1 0
github.com/yourusername/driftdetector/cmd/commands/list.go:62.43,65.19 3 0
github.com/yourusername/driftdetector/cmd/commands/list.go:65.19,67.6 1 0
github.com/yourusername/driftdetector/cmd/commands/list.go:68.5,68.22 1 0
github.com/yourusername/driftdetector/cmd/commands/list.go:68.22,70.6 1 0
github.com/yourusername/driftdetector/cmd/commands/list.go:75.2,75.16 1 0
github.com/yourusername/driftdetector/cmd/commands/list.go:75.16,77.3 1 0
github.com/yourusername/driftdetector/cmd/commands/list.go:80.2,80.23 1 0
github.com/yourusername/driftdetector/cmd/commands/list.go:80.23,83.3 2 0
github.com/yourusername/driftdetector/cmd/commands/list.go:85.2,88.33 3 0
github.com/yourusername/driftdetector/cmd/commands/list.go:88.33,89.20 1 0
github.com/yourusername/driftdetector/cmd/commands/list.go:89.20,90.12 1 0
github.com/yourusername/driftdetector/cmd/commands/list.go:94.3,95.33 2 0
github.com/yourusername/driftdetector/cmd/commands/list.go:95.33,97.4 1 0
github.com/yourusername/driftdetector/cmd/commands/list.go:100.3,101.23 2 0
github.com/yourusername/driftdetector/cmd/commands/list.go:101.23,103.4 1 0
github.com/yourusername/driftdetector/cmd/commands/list.go:104.3,105.25 2 0
github.com/yourusername/driftdetector/cmd/commands/list.go:105.25,107.4 1 0
github.com/yourusername/driftdetector/cmd/commands/list.go:108.3,109.16 2 0
github.com/yourusername/driftdetector/cmd/commands/list.go:109.16,111.4 1 0
github.com/yourusername/driftdetector/cmd/commands/list.go:112.3,112.20 1 0
github.com/yourusername/driftdetector/cmd/commands/list.go:112.20,114.4 1 0
github.com/yourusername/driftdetector/cmd/commands/list.go:116.3,121.4 1 0
github.com/yourusername/driftdetector/cmd/commands/list.go:124.2,126.12 2 0
github.com/yourusername/driftdetector/cmd/commands/root.go:28.34,38.2 5 0
github.com/yourusername/driftdetector/cmd/commands/root.go:42.16,43.47 1 0
github.com/yourusername/driftdetector/cmd/commands/root.go:43.47,45.3 1 0
github.com/yourusername/driftdetector/cmd/commands/root.go:48.13,52.2 2 0
github.com/yourusername/driftdetector/cmd/commands/version.go:22.37,27.48 1 0
github.com/yourusername/driftdetector/cmd/commands/version.go:27.48,29.4 1 0
github.com/yourusername/driftdetector/cmd/commands/version.go:35.26,38.2 1 0
github.com/yourusername/driftdetector/internal/models/instance.go:84.60,95.54 3 0
github.com/yourusername/driftdetector/internal/models/instance.go:95.54,97.6 1 0
github.com/yourusername/driftdetector/internal/models/instance.go:100.5,100.27 1 0
github.com/yourusername/driftdetector/internal/models/instance.go:100.27,101.40 1 0
github.com/yourusername/driftdetector/internal/models/instance.go:102.37,105.35 2 0
github.com/yourusername/driftdetector/internal/models/instance.go:105.35,106.51 1 0
github.com/yourusername/driftdetector/internal/models/instance.go:106.51,108.18 1 0
github.com/yourusername/driftdetector/internal/models/instance.go:110.28,113.36 2 0
github.com/yourusername/driftdetector/internal/models/instance.go:113.36,114.68 1 0
github.com/yourusername/driftdetector/internal/models/instance.go:114.68,115.68 1 0
github.com/yourusername/driftdetector/internal/models/instance.go:115.68,116.74 1 0
github.com/yourusername/driftdetector/internal/models/instance.go:116.74,118.26 1 0
github.com/yourusername/driftdetector/internal/models/instance.go:125.5,125.15 1 0
github.com/yourusername/driftdetector/internal/detector/detector.go:45.30,51.2 1 1
github.com/yourusername/driftdetector/internal/detector/detector.go:54.86,60.38 2 1
github.com/yourusername/driftdetector/internal/detector/detector.go:60.38,63.3 1 1
github.com/yourusername/driftdetector/internal/detector/detector.go:65.2,65.38 1 1
github.com/yourusername/driftdetector/internal/detector/detector.go:65.38,67.20 2 0
github.com/yourusername/driftdetector/internal/detector/detector.go:67.20,69.4 1 0
github.com/yourusername/driftdetector/internal/detector/detector.go:69.9,69.29 1 0
github.com/yourusername/driftdetector/internal/detector/detector.go:69.29,71.4 1 0
github.com/yourusername/driftdetector/internal/detector/detector.go:73.3,80.16 4 0
github.com/yourusername/driftdetector/internal/detector/detector.go:84.2,92.15 6 1
github.com/yourusername/driftdetector/internal/detector/detector.go:96.49,97.39 1 1
github.com/yourusername/driftdetector/internal/detector/detector.go:97.39,99.3 1 1
github.com/yourusername/driftdetector/internal/detector/detector.go:100.2,100.22 1 1
github.com/yourusername/driftdetector/internal/detector/detector.go:103.102,105.46 1 1
github.com/yourusername/driftdetector/internal/detector/detector.go:105.46,107.3 1 0
github.com/yourusername/driftdetector/internal/detector/detector.go:109.2,109.23 1 1
github.com/yourusername/driftdetector/internal/detector/detector.go:109.23,117.3 2 0
github.com/yourusername/driftdetector/internal/detector/detector.go:119.2,119.25 1 1
github.com/yourusername/driftdetector/internal/detector/detector.go:119.25,127.3 2 0
github.com/yourusername/driftdetector/internal/detector/detector.go:130.2,130.34 1 1
github.com/yourusername/driftdetector/internal/detector/detector.go:130.34,132.3 1 1
github.com/yourusername/driftdetector/internal/detector/detector.go:133.2,133.36 1 1
github.com/yourusername/driftdetector/internal/detector/detector.go:133.36,135.3 1 1
github.com/yourusername/driftdetector/internal/detector/detector.go:137.2,137.23 1 1
github.com/yourusername/driftdetector/internal/detector/detector.go:138.22,140.42 1 1
github.com/yourusername/driftdetector/internal/detector/detector.go:140.42,144.39 2 1
github.com/yourusername/driftdetector/internal/detector/detector.go:144.39,145.13 1 0
github.com/yourusername/driftdetector/internal/detector/detector.go:148.4,149.23 2 1
github.com/yourusername/driftdetector/internal/detector/detector.go:149.23,151.5 1 0
github.com/yourusername/driftdetector/internal/detector/detector.go:152.4,154.34 2 1
github.com/yourusername/driftdetector/internal/detector/detector.go:154.34,155.13 1 0
github.com/yourusername/driftdetector/internal/detector/detector.go:158.4,162.63 3 1
github.com/yourusername/driftdetector/internal/detector/detector.go:162.63,164.5 1 1
github.com/yourusername/driftdetector/internal/detector/detector.go:164.10,166.5 1 0
github.com/yourusername/driftdetector/internal/detector/detector.go:168.4,168.66 1 1
github.com/yourusername/driftdetector/internal/detector/detector.go:171.19,172.50 1 1
github.com/yourusername/driftdetector/internal/detector/detector.go:174.36,175.52 1 1
github.com/yourusername/driftdetector/internal/detector/detector.go:177.10,181.49 3 1
github.com/yourusername/driftdetector/internal/detector/detector.go:181.49,189.4 1 1
github.com/yourusername/driftdetector/internal/detector/detector.go:193.100,195.22 1 1
github.com/yourusername/driftdetector/internal/detector/detector.go:195.22,200.30 3 1
github.com/yourusername/driftdetector/internal/detector/detector.go:200.30,208.4 2 0
github.com/yourusername/driftdetector/internal/detector/detector.go:209.3,209.30 1 1
github.com/yourusername/driftdetector/internal/detector/detector.go:209.30,217.4 2 0
github.com/yourusername/driftdetector/internal/detector/detector.go:220.3,220.47 1 1
github.com/yourusername/driftdetector/internal/detector/detector.go:220.47,221.53 1 1
github.com/yourusername/driftdetector/internal/detector/detector.go:221.53,222.37 1 1
github.com/yourusername/driftdetector/internal/detector/detector.go:222.37,230.6 1 1
github.com/yourusername/driftdetector/internal/detector/detector.go:231.10,238.5 1 1
github.com/yourusername/driftdetector/internal/detector/detector.go:242.3,242.43 1 1
github.com/yourusername/driftdetector/internal/detector/detector.go:242.43,243.46 1 1
github.com/yourusername/driftdetector/internal/detector/detector.go:243.46,250.5 1 0
github.com/yourusername/driftdetector/internal/detector/detector.go:252.3,252.9 1 1
github.com/yourusername/driftdetector/internal/detector/detector.go:256.2,256.20 1 0
github.com/yourusername/driftdetector/internal/detector/detector.go:256.20,264.3 2 0
github.com/yourusername/driftdetector/internal/detector/detector.go:266.2,266.22 1 0
github.com/yourusername/driftdetector/internal/detector/detector.go:266.22,274.3 2 0
github.com/yourusername/driftdetector/internal/detector/detector.go:278.2,278.41 1 0
github.com/yourusername/driftdetector/internal/detector/detector.go:278.41,283.29 4 0
github.com/yourusername/driftdetector/internal/detector/detector.go:283.29,290.12 2 0
github.com/yourusername/driftdetector/internal/detector/detector.go:294.3,294.83 1 0
github.com/yourusername/driftdetector/internal/detector/detector.go:294.83,302.4 1 0
github.com/yourusername/driftdetector/internal/detector/detector.go:306.2,306.39 1 0
github.com/yourusername/driftdetector/internal/detector/detector.go:306.39,308.40 2 0
github.com/yourusername/driftdetector/internal/detector/detector.go:308.40,315.4 1 0
github.com/yourusername/driftdetector/internal/detector/detector.go:319.102,321.32 1 1
github.com/yourusername/driftdetector/internal/detector/detector.go:321.32,326.30 3 1
github.com/yourusername/driftdetector/internal/detector/detector.go:326.30,334.4 2 0
github.com/yourusername/driftdetector/internal/detector/detector.go:335.3,335.30 1 1
github.com/yourusername/driftdetector/internal/detector/detector.go:335.30,343.4 2 0
github.com/yourusername/driftdetector/internal/detector/detector.go:346.3,349.32 3 1
github.com/yourusername/driftdetector/internal/detector/detector.go:349.32,351.4 1 1
github.com/yourusername/driftdetector/internal/detector/detector.go:353.3,353.34 1 1
github.com/yourusername/driftdetector/internal/detector/detector.go:353.34,355.4 1 1
github.com/yourusername/driftdetector/internal/detector/detector.go:358.3,358.43 1 1
github.com/yourusername/driftdetector/internal/detector/detector.go:358.43,359.49 1 1
github.com/yourusername/driftdetector/internal/detector/detector.go:359.49,361.51 1 1
github.com/yourusername/driftdetector/internal/detector/detector.go:361.51,369.6 1 1
github.com/yourusername/driftdetector/internal/detector/detector.go:370.10,377.5 1 0
github.com/yourusername/driftdetector/internal/detector/detector.go:381.3,381.39 1 1
github.com/yourusername/driftdetector/internal/detector/detector.go:381.39,382.45 1 1
github.com/yourusername/driftdetector/internal/detector/detector.go:382.45,389.5 1 1
github.com/yourusername/driftdetector/internal/detector/detector.go:391.3,391.9 1 1
github.com/yourusername/driftdetector/internal/detector/detector.go:395.2,395.46 1 1
github.com/yourusername/driftdetector/internal/detector/detector.go:395.46,397.3 1 1
github.com/yourusername/driftdetector/internal/detector/detector.go:399.2,399.23 1 0
github.com/yourusername/driftdetector/internal/detector/detector.go:399.23,407.3 2 0
github.com/yourusername/driftdetector/internal/detector/detector.go:409.2,409.25 1 0
github.com/yourusername/driftdetector/internal/detector/detector.go:409.25,417.3 2 0
github.com/yourusername/driftdetector/internal/detector/detector.go:420.2,420.66 1 0
github.com/yourusername/driftdetector/internal/detector/detector.go:420.66,423.3 2 0
github.com/yourusername/driftdetector/internal/detector/detector.go:426.2,426.66 1 0
github.com/yourusername/driftdetector/internal/detector/detector.go:426.66,436.3 1 0
github.com/yourusername/driftdetector/internal/detector/detector.go:439.108,446.36 3 0
github.com/yourusername/driftdetector/internal/detector/detector.go:446.36,448.33 2 0
github.com/yourusername/driftdetector/internal/detector/detector.go:448.33,450.4 1 0
github.com/yourusername/driftdetector/internal/detector/detector.go:451.3,451.26 1 0
github.com/yourusername/driftdetector/internal/detector/detector.go:451.26,453.40 2 0
github.com/yourusername/driftdetector/internal/detector/detector.go:453.40,455.5 1 0
github.com/yourusername/driftdetector/internal/detector/detector.go:460.2,460.38 1 0
github.com/yourusername/driftdetector/internal/detector/detector.go:460.38,462.33 2 0
github.com/yourusername/driftdetector/internal/detector/detector.go:462.33,464.4 1 0
github.com/yourusername/driftdetector/internal/detector/detector.go:465.3,465.26 1 0
github.com/yourusername/driftdetector/internal/detector/detector.go:465.26,467.40 2 0
github.com/yourusername/driftdetector/internal/detector/detector.go:467.40,469.5 1 0
github.com/yourusername/driftdetector/internal/detector/detector.go:474.2,474.44 1 0
github.com/yourusername/driftdetector/internal/detector/detector.go:474.44,475.50 1 0
github.com/yourusername/driftdetector/internal/detector/detector.go:475.50,477.4 1 0
github.com/yourusername/driftdetector/internal/detector/detector.go:477.9,486.4 1 0
github.com/yourusername/driftdetector/internal/detector/detector.go:490.2,490.40 1 0
github.com/yourusername/driftdetector/internal/detector/detector.go:490.40,491.44 1 0
github.com/yourusername/driftdetector/internal/detector/detector.go:491.44,500.4 1 0
github.com/yourusername/driftdetector/internal/report/formatter.go:30.57,31.16 1 1
github.com/yourusername/driftdetector/internal/report/formatter.go:32.18,33.31 1 1
github.com/yourusername/driftdetector/internal/report/formatter.go:34.18,35.31 1 0
github.com/yourusername/driftdetector/internal/report/formatter.go:36.18,37.31 1 1
github.com/yourusername/driftdetector/internal/report/formatter.go:38.10,39.59 1 1
github.com/yourusername/driftdetector/internal/report/formatter.go:45.78,46.19 1 1
github.com/yourusername/driftdetector/internal/report/formatter.go:46.19,48.3 1 1
github.com/yourusername/driftdetector/internal/report/formatter.go:50.2,51.16 2 1
github.com/yourusername/driftdetector/internal/report/formatter.go:51.16,53.3 1 0
github.com/yourusername/driftdetector/internal/report/formatter.go:54.2,54.26 1 1
github.com/yourusername/driftdetector/internal/report/formatter.go:59.78,61.16 2 0
github.com/yourusername/driftdetector/internal/report/formatter.go:61.16,63.3 1 0
github.com/yourusername/driftdetector/internal/report/formatter.go:64.2,64.26 1 0
github.com/yourusername/driftdetector/internal/report/formatter.go:69.78,70.19 1 1
github.com/yourusername/driftdetector/internal/report/formatter.go:70.19,72.3 1 1
github.com/yourusername/driftdetector/internal/report/formatter.go:74.2,80.22 5 1
github.com/yourusername/driftdetector/internal/report/formatter.go:80.22,83.3 2 1
github.com/yourusername/driftdetector/internal/report/formatter.go:85.2,87.38 2 1
github.com/yourusername/driftdetector/internal/report/formatter.go:87.38,91.21 3 1
github.com/yourusername/driftdetector/internal/report/formatter.go:92.32,93.77 1 1
github.com/yourusername/driftdetector/internal/report/formatter.go:94.34,95.81 1 0
github.com/yourusername/driftdetector/internal/report/formatter.go:96.35,98.81 2 1
github.com/yourusername/driftdetector/internal/report/formatter.go:100.3,100.23 1 1
github.com/yourusername/driftdetector/internal/report/formatter.go:103.2,103.25 1 1
github.com/yourusername/driftdetector/internal/report/formatter.go:106.40,107.25 1 1
github.com/yourusername/driftdetector/internal/report/formatter.go:108.11,109.17 1 0
github.com/yourusername/driftdetector/internal/report/formatter.go:110.14,111.16 1 1
github.com/yourusername/driftdetector/internal/report/formatter.go:111.16,113.4 1 0
github.com/yourusername/driftdetector/internal/report/formatter.go:114.3,114.13 1 1
github.com/yourusername/driftdetector/internal/report/formatter.go:115.10,116.32 1 0
github.com/yourusername/driftdetector/internal/logger/logger.go:30.35,31.11 1 1
github.com/yourusername/driftdetector/internal/logger/logger.go:32.18,33.17 1 1
github.com/yourusername/driftdetector/internal/logger/logger.go:34.17,35.16 1 1
github.com/yourusername/driftdetector/internal/logger/logger.go:36.17,37.16 1 1
github.com/yourusername/driftdetector/internal/logger/logger.go:38.18,39.17 1 1
github.com/yourusername/driftdetector/internal/logger/logger.go:40.18,41.17 1 1
github.com/yourusername/driftdetector/internal/logger/logger.go:42.10,43.19 1 1
github.com/yourusername/driftdetector/internal/logger/logger.go:64.13,69.2 1 1
github.com/yourusername/driftdetector/internal/logger/logger.go:72.39,73.26 1 1
github.com/yourusername/driftdetector/internal/logger/logger.go:73.26,75.3 1 0
github.com/yourusername/driftdetector/internal/logger/logger.go:77.2,80.3 1 1
github.com/yourusername/driftdetector/internal/logger/logger.go:84.43,86.2 1 0
github.com/yourusername/driftdetector/internal/logger/logger.go:89.38,91.2 1 0
github.com/yourusername/driftdetector/internal/logger/logger.go:94.71,95.21 1 1
github.com/yourusername/driftdetector/internal/logger/logger.go:95.21,97.3 1 1
github.com/yourusername/driftdetector/internal/logger/logger.go:100.2,102.8 3 1
github.com/yourusername/driftdetector/internal/logger/logger.go:102.8,104.3 1 1
github.com/yourusername/driftdetector/internal/logger/logger.go:106.2,112.25 4 1
github.com/yourusername/driftdetector/internal/logger/logger.go:112.25,114.3 1 0
github.com/yourusername/driftdetector/internal/logger/logger.go:118.57,120.2 1 1
github.com/yourusername/driftdetector/internal/logger/logger.go:123.56,125.2 1 1
github.com/yourusername/driftdetector/internal/logger/logger.go:128.56,130.2 1 1
github.com/yourusername/driftdetector/internal/logger/logger.go:133.57,135.2 1 1
github.com/yourusername/driftdetector/internal/logger/logger.go:138.57,140.2 1 0
github.com/yourusername/driftdetector/internal/logger/logger.go:143.68,147.27 2 1
github.com/yourusername/driftdetector/internal/logger/logger.go:147.27,149.3 1 1
github.com/yourusername/driftdetector/internal/logger/logger.go:150.2,155.3 2 1
github.com/yourusername/driftdetector/internal/logger/logger.go:161.45,163.2 1 0
github.com/yourusername/driftdetector/internal/logger/logger.go:166.44,168.2 1 1
github.com/yourusername/driftdetector/internal/logger/logger.go:171.44,173.2 1 0
github.com/yourusername/driftdetector/internal/logger/logger.go:176.45,178.2 1 0
github.com/yourusername/driftdetector/internal/logger/logger.go:181.45,183.2 1 0
github.com/yourusername/driftdetector/internal/logger/logger.go:186.56,188.2 1 0
github.com/yourusername/driftdetector/internal/aws/client.go:58.74,60.16 2 0
github.com/yourusername/driftdetector/internal/aws/client.go:60.16,62.3 1 0
github.com/yourusername/driftdetector/internal/aws/client.go:64.2,66.8 1 0
github.com/yourusername/driftdetector/internal/aws/client.go:82.111,90.33 3 1
github.com/yourusername/driftdetector/internal/aws/client.go:90.33,92.15 1 1
github.com/yourusername/driftdetector/internal/aws/client.go:92.15,97.12 2 1
github.com/yourusername/driftdetector/internal/aws/client.go:100.3,101.30 2 1
github.com/yourusername/driftdetector/internal/aws/client.go:101.30,117.4 5 1
github.com/yourusername/driftdetector/internal/aws/client.go:121.2,121.12 1 1
github.com/yourusername/driftdetector/internal/aws/client.go:121.12,124.3 2 1
github.com/yourusername/driftdetector/internal/aws/client.go:126.2,126.16 1 1
github.com/yourusername/driftdetector/internal/aws/client.go:129.111,130.22 1 1
github.com/yourusername/driftdetector/internal/aws/client.go:130.22,132.3 1 0
github.com/yourusername/driftdetector/internal/aws/client.go:134.2,139.16 3 1
github.com/yourusername/driftdetector/internal/aws/client.go:139.16,141.3 1 1
github.com/yourusername/driftdetector/internal/aws/client.go:143.2,143.81 1 1
github.com/yourusername/driftdetector/internal/aws/client.go:143.81,145.3 1 0
github.com/yourusername/driftdetector/internal/aws/client.go:147.2,148.47 2 1
github.com/yourusername/driftdetector/internal/aws/client.go:159.78,173.45 2 1
github.com/yourusername/driftdetector/internal/aws/client.go:173.45,178.3 1 1
github.com/yourusername/driftdetector/internal/aws/client.go:181.2,181.36 1 1
github.com/yourusername/driftdetector/internal/aws/client.go:181.36,182.41 1 1
github.com/yourusername/driftdetector/internal/aws/client.go:182.41,184.4 1 1
github.com/yourusername/driftdetector/internal/aws/client.go:187.2,187.12 1 1
github.com/yourusername/driftdetector/internal/aws/client_wrapper.go:40.89,41.18 1 1
github.com/yourusername/driftdetector/internal/aws/client_wrapper.go:41.18,43.3 1 1
github.com/yourusername/driftdetector/internal/aws/client_wrapper.go:46.2,49.41 1 1
github.com/yourusername/driftdetector/internal/aws/client_wrapper.go:49.41,50.61 1 1
github.com/yourusername/driftdetector/internal/aws/client_wrapper.go:50.61,52.5 1 1
github.com/yourusername/driftdetector/internal/aws/client_wrapper.go:55.2,55.16 1 1
github.com/yourusername/driftdetector/internal/aws/client_wrapper.go:55.16,57.3 1 0
github.com/yourusername/driftdetector/internal/aws/client_wrapper.go:60.2,70.8 3 1
github.com/yourusername/driftdetector/internal/aws/client_wrapper.go:74.118,75.22 1 1
github.com/yourusername/driftdetector/internal/aws/client_wrapper.go:75.22,77.3 1 0
github.com/yourusername/driftdetector/internal/aws/client_wrapper.go:80.2,91.16 5 1
github.com/yourusername/driftdetector/internal/aws/client_wrapper.go:91.16,97.30 2 1
github.com/yourusername/driftdetector/internal/aws/client_wrapper.go:97.30,98.30 1 0
github.com/yourusername/driftdetector/internal/aws/client_wrapper.go:99.33,101.53 2 0
github.com/yourusername/driftdetector/internal/aws/client_wrapper.go:102.38,104.80 2 0
github.com/yourusername/driftdetector/internal/aws/client_wrapper.go:105.39,107.87 2 0
github.com/yourusername/driftdetector/internal/aws/client_wrapper.go:111.3,112.65 2 1
github.com/yourusername/driftdetector/internal/aws/client_wrapper.go:115.2,115.81 1 1
github.com/yourusername/driftdetector/internal/aws/client_wrapper.go:115.81,118.3 2 1
github.com/yourusername/driftdetector/internal/aws/client_wrapper.go:120.2,128.20 4 1
github.com/yourusername/driftdetector/internal/aws/testutils/mock_ec2.go:16.165,18.24 2 0
github.com/yourusername/driftdetector/internal/aws/testutils/mock_ec2.go:18.24,20.3 1 0
github.com/yourusername/driftdetector/internal/aws/testutils/mock_ec2.go:21.2,21.66 1 0
github.com/yourusername/driftdetector/internal/terraform/parser.go:20.81,21.31 1 0
github.com/yourusername/driftdetector/internal/terraform/parser.go:21.31,22.29 1 0
github.com/yourusername/driftdetector/internal/terraform/parser.go:22.29,24.4 1 0
github.com/yourusername/driftdetector/internal/terraform/parser.go:26.2,26.12 1 0
github.com/yourusername/driftdetector/internal/terraform/parser.go:38.25,40.2 1 1
github.com/yourusername/driftdetector/internal/terraform/parser.go:43.89,44.14 1 1
github.com/yourusername/driftdetector/internal/terraform/parser.go:46.23,47.31 1 1
github.com/yourusername/driftdetector/internal/terraform/parser.go:47.31,49.4 1 1
github.com/yourusername/driftdetector/internal/terraform/parser.go:50.13,51.31 1 1
github.com/yourusername/driftdetector/internal/terraform/parser.go:51.31,53.4 1 1
github.com/yourusername/driftdetector/internal/terraform/parser.go:54.18,55.31 1 1
github.com/yourusername/driftdetector/internal/terraform/parser.go:55.31,57.4 1 1
github.com/yourusername/driftdetector/internal/terraform/parser.go:60.19,61.31 1 0
github.com/yourusername/driftdetector/internal/terraform/parser.go:61.31,63.4 1 0
github.com/yourusername/driftdetector/internal/terraform/parser.go:64.16,65.31 1 0
github.com/yourusername/driftdetector/internal/terraform/parser.go:65.31,67.4 1 0
github.com/yourusername/driftdetector/internal/terraform/parser.go:68.37,69.29 1 0
github.com/yourusername/driftdetector/internal/terraform/parser.go:69.29,72.4 2 0
github.com/yourusername/driftdetector/internal/terraform/parser.go:73.27,74.29 1 0
github.com/yourusername/driftdetector/internal/terraform/parser.go:74.29,77.4 2 0
github.com/yourusername/driftdetector/internal/terraform/parser.go:80.23,81.29 1 0
github.com/yourusername/driftdetector/internal/terraform/parser.go:81.29,84.4 2 0
github.com/yourusername/driftdetector/internal/terraform/parser.go:87.30,88.31 1 0
github.com/yourusername/driftdetector/internal/terraform/parser.go:88.31,90.4 1 0
github.com/yourusername/driftdetector/internal/terraform/parser.go:91.20,92.29 1 0
github.com/yourusername/driftdetector/internal/terraform/parser.go:92.29,95.4 2 0
github.com/yourusername/driftdetector/internal/terraform/parser.go:98.27,99.31 1 0
github.com/yourusername/driftdetector/internal/terraform/parser.go:99.31,101.4 1 0
github.com/yourusername/driftdetector/internal/terraform/parser.go:102.17,103.31 1 0
github.com/yourusername/driftdetector/internal/terraform/parser.go:103.31,105.4 1 0
github.com/yourusername/driftdetector/internal/terraform/parser.go:106.25,107.31 1 0
github.com/yourusername/driftdetector/internal/terraform/parser.go:107.31,109.4 1 0
github.com/yourusername/driftdetector/internal/terraform/parser.go:112.24,113.31 1 0
github.com/yourusername/driftdetector/internal/terraform/parser.go:113.31,114.47 1 0
github.com/yourusername/driftdetector/internal/terraform/parser.go:114.47,117.5 2 0
github.com/yourusername/driftdetector/internal/terraform/parser.go:119.30,120.31 1 0
github.com/yourusername/driftdetector/internal/terraform/parser.go:120.31,121.47 1 0
github.com/yourusername/driftdetector/internal/terraform/parser.go:121.47,124.5 2 0
github.com/yourusername/driftdetector/internal/terraform/parser.go:128.19,129.31 1 0
github.com/yourusername/driftdetector/internal/terraform/parser.go:129.31,131.4 1 0
github.com/yourusername/driftdetector/internal/terraform/parser.go:132.26,133.31 1 1
github.com/yourusername/driftdetector/internal/terraform/parser.go:133.31,137.4 1 1
github.com/yourusername/driftdetector/internal/terraform/parser.go:140.33,141.29 1 0
github.com/yourusername/driftdetector/internal/terraform/parser.go:141.29,144.4 2 0
github.com/yourusername/driftdetector/internal/terraform/parser.go:145.46,146.31 1 0
github.com/yourusername/driftdetector/internal/terraform/parser.go:146.31,148.4 1 0
github.com/yourusername/driftdetector/internal/terraform/parser.go:151.14,152.58 1 1
github.com/yourusername/driftdetector/internal/terraform/parser.go:152.58,154.60 2 1
github.com/yourusername/driftdetector/internal/terraform/parser.go:154.60,155.61 1 1
github.com/yourusername/driftdetector/internal/terraform/parser.go:155.61,157.6 1 1
github.com/yourusername/driftdetector/internal/terraform/parser.go:158.5,158.17 1 1
github.com/yourusername/driftdetector/internal/terraform/parser.go:160.4,160.21 1 1
github.com/yourusername/driftdetector/internal/terraform/parser.go:160.21,162.5 1 1
github.com/yourusername/driftdetector/internal/terraform/parser.go:166.51,167.56 1 1
github.com/yourusername/driftdetector/internal/terraform/parser.go:167.56,169.18 2 0
github.com/yourusername/driftdetector/internal/terraform/parser.go:169.18,171.31 2 0
github.com/yourusername/driftdetector/internal/terraform/parser.go:171.31,175.6 1 0
github.com/yourusername/driftdetector/internal/terraform/parser.go:180.2,180.12 1 1
github.com/yourusername/driftdetector/internal/terraform/parser.go:184.103,185.48 1 1
github.com/yourusername/driftdetector/internal/terraform/parser.go:185.48,187.24 2 1
github.com/yourusername/driftdetector/internal/terraform/parser.go:187.24,188.12 1 0
github.com/yourusername/driftdetector/internal/terraform/parser.go:191.3,191.15 1 1
github.com/yourusername/driftdetector/internal/terraform/parser.go:192.22,193.32 1 1
github.com/yourusername/driftdetector/internal/terraform/parser.go:193.32,194.50 1 1
github.com/yourusername/driftdetector/internal/terraform/parser.go:194.50,196.6 1 1
github.com/yourusername/driftdetector/internal/terraform/parser.go:198.22,199.32 1 1
github.com/yourusername/driftdetector/internal/terraform/parser.go:199.32,201.5 1 1
github.com/yourusername/driftdetector/internal/terraform/parser.go:202.15,203.32 1 1
github.com/yourusername/driftdetector/internal/terraform/parser.go:203.32,204.48 1 1
github.com/yourusername/driftdetector/internal/terraform/parser.go:204.48,206.6 1 1
github.com/yourusername/driftdetector/internal/terraform/parser.go:208.21,209.32 1 1
github.com/yourusername/driftdetector/internal/terraform/parser.go:209.32,210.48 1 1
github.com/yourusername/driftdetector/internal/terraform/parser.go:210.48,212.6 1 1
github.com/yourusername/driftdetector/internal/terraform/parser.go:214.20,215.30 1 1
github.com/yourusername/driftdetector/internal/terraform/parser.go:215.30,218.5 2 1
github.com/yourusername/driftdetector/internal/terraform/parser.go:219.21,220.32 1 1
github.com/yourusername/driftdetector/internal/terraform/parser.go:220.32,222.5 1 1
github.com/yourusername/driftdetector/internal/terraform/parser.go:228.102,231.48 2 1
github.com/yourusername/driftdetector/internal/terraform/parser.go:231.48,233.24 2 1
github.com/yourusername/driftdetector/internal/terraform/parser.go:233.24,234.12 1 0
github.com/yourusername/driftdetector/internal/terraform/parser.go:237.3,237.15 1 1
github.com/yourusername/driftdetector/internal/terraform/parser.go:238.22,239.32 1 1
github.com/yourusername/driftdetector/internal/terraform/parser.go:239.32,241.5 1 1
github.com/yourusername/driftdetector/internal/terraform/parser.go:242.22,243.32 1 1
github.com/yourusername/driftdetector/internal/terraform/parser.go:243.32,244.50 1 1
github.com/yourusername/driftdetector/internal/terraform/parser.go:244.50,247.6 2 1
github.com/yourusername/driftdetector/internal/terraform/parser.go:249.22,250.32 1 1
github.com/yourusername/driftdetector/internal/terraform/parser.go:250.32,252.5 1 1
github.com/yourusername/driftdetector/internal/terraform/parser.go:253.15,254.32 1 1
github.com/yourusername/driftdetector/internal/terraform/parser.go:254.32,255.48 1 1
github.com/yourusername/driftdetector/internal/terraform/parser.go:255.48,258.6 2 1
github.com/yourusername/driftdetector/internal/terraform/parser.go:260.32,261.30 1 0
github.com/yourusername/driftdetector/internal/terraform/parser.go:261.30,264.5 2 0
github.com/yourusername/driftdetector/internal/terraform/parser.go:265.20,266.30 1 1
github.com/yourusername/driftdetector/internal/terraform/parser.go:266.30,269.5 2 1
github.com/yourusername/driftdetector/internal/terraform/parser.go:270.21,271.32 1 0
github.com/yourusername/driftdetector/internal/terraform/parser.go:271.32,273.5 1 0
github.com/yourusername/driftdetector/internal/terraform/parser.go:274.21,275.32 1 1
github.com/yourusername/driftdetector/internal/terraform/parser.go:275.32,276.48 1 1
github.com/yourusername/driftdetector/internal/terraform/parser.go:276.48,279.6 2 1
github.com/yourusername/driftdetector/internal/terraform/parser.go:284.2,284.32 1 1
github.com/yourusername/driftdetector/internal/terraform/parser.go:284.32,286.3 1 1
github.com/yourusername/driftdetector/internal/terraform/parser.go:290.108,293.48 2 0
github.com/yourusername/driftdetector/internal/terraform/parser.go:293.48,295.24 2 0
github.com/yourusername/driftdetector/internal/terraform/parser.go:295.24,296.12 1 0
github.com/yourusername/driftdetector/internal/terraform/parser.go:299.3,299.15 1 0
github.com/yourusername/driftdetector/internal/terraform/parser.go:300.22,301.32 1 0
github.com/yourusername/driftdetector/internal/terraform/parser.go:301.32,303.5 1 0
github.com/yourusername/driftdetector/internal/terraform/parser.go:304.20,305.30 1 0
github.com/yourusername/driftdetector/internal/terraform/parser.go:305.30,308.5 2 0
github.com/yourusername/driftdetector/internal/terraform/parser.go:309.23,310.32 1 0
github.com/yourusername/driftdetector/internal/terraform/parser.go:310.32,312.5 1 0
github.com/yourusername/driftdetector/internal/terraform/parser.go:316.2,316.38 1 0
github.com/yourusername/driftdetector/internal/terraform/parser.go:316.38,318.3 1 0
github.com/yourusername/driftdetector/internal/terraform/parser.go:322.104,325.48 2 1
github.com/yourusername/driftdetector/internal/terraform/parser.go:325.48,327.24 2 1
github.com/yourusername/driftdetector/internal/terraform/parser.go:327.24,328.12 1 1
github.com/yourusername/driftdetector/internal/terraform/parser.go:331.3,331.15 1 1
github.com/yourusername/driftdetector/internal/terraform/parser.go:332.23,333.32 1 1
github.com/yourusername/driftdetector/internal/terraform/parser.go:333.32,334.49 1 1
github.com/yourusername/driftdetector/internal/terraform/parser.go:334.49,336.6 1 1
github.com/yourusername/driftdetector/internal/terraform/parser.go:338.31,339.32 1 0
github.com/yourusername/driftdetector/internal/terraform/parser.go:339.32,341.5 1 0
github.com/yourusername/driftdetector/internal/terraform/parser.go:342.32,343.30 1 0
github.com/yourusername/driftdetector/internal/terraform/parser.go:343.30,346.5 2 0
github.com/yourusername/driftdetector/internal/terraform/parser.go:347.29,348.32 1 0
github.com/yourusername/driftdetector/internal/terraform/parser.go:348.32,349.49 1 0
github.com/yourusername/driftdetector/internal/terraform/parser.go:349.49,351.6 1 0
github.com/yourusername/driftdetector/internal/terraform/parser.go:357.2,357.28 1 1
github.com/yourusername/driftdetector/internal/terraform/parser.go:357.28,359.3 1 1
github.com/yourusername/driftdetector/internal/terraform/parser.go:363.107,364.36 1 1
github.com/yourusername/driftdetector/internal/terraform/parser.go:364.36,366.3 1 1
github.com/yourusername/driftdetector/internal/terraform/parser.go:368.2,368.48 1 1
github.com/yourusername/driftdetector/internal/terraform/parser.go:368.48,370.24 2 1
github.com/yourusername/driftdetector/internal/terraform/parser.go:370.24,371.12 1 0
github.com/yourusername/driftdetector/internal/terraform/parser.go:374.3,374.15 1 1
github.com/yourusername/driftdetector/internal/terraform/parser.go:375.22,376.32 1 1
github.com/yourusername/driftdetector/internal/terraform/parser.go:376.32,378.5 1 1
github.com/yourusername/driftdetector/internal/terraform/parser.go:384.103,385.32 1 1
github.com/yourusername/driftdetector/internal/terraform/parser.go:385.32,387.3 1 1
github.com/yourusername/driftdetector/internal/terraform/parser.go:389.2,389.48 1 1
github.com/yourusername/driftdetector/internal/terraform/parser.go:389.48,391.24 2 1
github.com/yourusername/driftdetector/internal/terraform/parser.go:391.24,392.12 1 0
github.com/yourusername/driftdetector/internal/terraform/parser.go:395.3,395.15 1 1
github.com/yourusername/driftdetector/internal/terraform/parser.go:396.24,397.32 1 1
github.com/yourusername/driftdetector/internal/terraform/parser.go:397.32,399.5 1 1
github.com/yourusername/driftdetector/internal/terraform/parser.go:400.22,401.32 1 1
github.com/yourusername/driftdetector/internal/terraform/parser.go:401.32,403.5 1 1
github.com/yourusername/driftdetector/internal/terraform/parser.go:404.38,405.32 1 1
github.com/yourusername/driftdetector/internal/terraform/parser.go:405.32,406.49 1 1
github.com/yourusername/driftdetector/internal/terraform/parser.go:406.49,409.6 2 1
github.com/yourusername/driftdetector/internal/terraform/parser.go:411.33,412.32 1 1
github.com/yourusername/driftdetector/internal/terraform/parser.go:412.32,414.5 1 1
github.com/yourusername/driftdetector/internal/terraform/parser.go:420.102,423.48 2 0
github.com/yourusername/driftdetector/internal/terraform/parser.go:423.48,425.24 2 0
github.com/yourusername/driftdetector/internal/terraform/parser.go:425.24,426.12 1 0
github.com/yourusername/driftdetector/internal/terraform/parser.go:429.3,429.50 1 0
github.com/yourusername/driftdetector/internal/terraform/parser.go:429.50,431.4 1 0
github.com/yourusername/driftdetector/internal/terraform/parser.go:434.2,434.31 1 0
github.com/yourusername/driftdetector/internal/terraform/parser.go:434.31,436.3 1 0
github.com/yourusername/driftdetector/internal/terraform/parser.go:437.2,437.38 1 0
github.com/yourusername/driftdetector/internal/terraform/parser.go:441.106,444.48 2 0
github.com/yourusername/driftdetector/internal/terraform/parser.go:444.48,446.24 2 0
github.com/yourusername/driftdetector/internal/terraform/parser.go:446.24,447.12 1 0
github.com/yourusername/driftdetector/internal/terraform/parser.go:450.3,450.53 1 0
github.com/yourusername/driftdetector/internal/terraform/parser.go:450.53,452.4 1 0
github.com/yourusername/driftdetector/internal/terraform/parser.go:455.2,455.28 1 0
github.com/yourusername/driftdetector/internal/terraform/parser.go:455.28,457.3 1 0
github.com/yourusername/driftdetector/internal/terraform/parser.go:458.2,458.41 1 0
github.com/yourusername/driftdetector/internal/terraform/parser.go:462.87,463.18 1 1
github.com/yourusername/driftdetector/internal/terraform/parser.go:463.18,465.3 1 0
github.com/yourusername/driftdetector/internal/terraform/parser.go:468.2,468.45 1 1
github.com/yourusername/driftdetector/internal/terraform/parser.go:468.45,469.29 1 1
github.com/yourusername/driftdetector/internal/terraform/parser.go:469.29,471.25 2 1
github.com/yourusername/driftdetector/internal/terraform/parser.go:471.25,473.5 1 0
github.com/yourusername/driftdetector/internal/terraform/parser.go:474.4,474.19 1 1
github.com/yourusername/driftdetector/internal/terraform/parser.go:479.2,479.48 1 0
github.com/yourusername/driftdetector/internal/terraform/parser.go:483.62,492.16 4 1
github.com/yourusername/driftdetector/internal/terraform/parser.go:492.16,494.3 1 0
github.com/yourusername/driftdetector/internal/terraform/parser.go:497.2,499.29 2 1
github.com/yourusername/driftdetector/internal/terraform/parser.go:499.29,500.61 1 1
github.com/yourusername/driftdetector/internal/terraform/parser.go:500.61,503.18 3 1
github.com/yourusername/driftdetector/internal/terraform/parser.go:503.18,505.5 1 0
github.com/yourusername/driftdetector/internal/terraform/parser.go:507.4,508.25 2 1
github.com/yourusername/driftdetector/internal/terraform/parser.go:508.25,510.5 1 0
github.com/yourusername/driftdetector/internal/terraform/parser.go:513.4,514.11 2 1
github.com/yourusername/driftdetector/internal/terraform/parser.go:514.11,515.13 1 0
github.com/yourusername/driftdetector/internal/terraform/parser.go:519.4,519.41 1 1
github.com/yourusername/driftdetector/internal/terraform/parser.go:519.41,520.58 1 1
github.com/yourusername/driftdetector/internal/terraform/parser.go:520.58,522.6 1 1
github.com/yourusername/driftdetector/internal/terraform/parser.go:528.2,528.34 1 1
github.com/yourusername/driftdetector/internal/terraform/parser.go:528.34,533.17 3 1
github.com/yourusername/driftdetector/internal/terraform/parser.go:533.17,536.4 2 0
github.com/yourusername/driftdetector/internal/terraform/parser.go:539.3,540.31 2 1
github.com/yourusername/driftdetector/internal/terraform/parser.go:543.2,543.23 1 1
github.com/yourusername/driftdetector/internal/terraform/parser.go:547.99,548.17 1 1
github.com/yourusername/driftdetector/internal/terraform/parser.go:548.17,550.3 1 0
github.com/yourusername/driftdetector/internal/terraform/parser.go:552.2,553.9 2 1
github.com/yourusername/driftdetector/internal/terraform/parser.go:553.9,555.3 1 1
github.com/yourusername/driftdetector/internal/terraform/parser.go:558.2,558.71 1 1
github.com/yourusername/driftdetector/internal/terraform/parser.go:558.71,560.3 1 0
github.com/yourusername/driftdetector/internal/terraform/parser.go:563.2,567.29 3 1
github.com/yourusername/driftdetector/internal/terraform/parser.go:567.29,569.3 1 1
github.com/yourusername/driftdetector/internal/terraform/parser.go:572.2,574.8 1 1
github.com/yourusername/driftdetector/internal/terraform/parser.go:578.87,579.17 1 1
github.com/yourusername/driftdetector/internal/terraform/parser.go:579.17,581.3 1 0
github.com/yourusername/driftdetector/internal/terraform/parser.go:584.2,585.16 2 1
github.com/yourusername/driftdetector/internal/terraform/parser.go:585.16,588.3 2 1
github.com/yourusername/driftdetector/internal/terraform/parser.go:589.2,589.21 1 1
github.com/yourusername/driftdetector/internal/terraform/parser.go:589.21,591.3 1 0
github.com/yourusername/driftdetector/internal/terraform/parser.go:594.2,595.23 2 1
github.com/yourusername/driftdetector/internal/terraform/parser.go:595.23,598.30 2 0
github.com/yourusername/driftdetector/internal/terraform/parser.go:598.30,599.58 1 0
github.com/yourusername/driftdetector/internal/terraform/parser.go:599.58,601.10 2 0
github.com/yourusername/driftdetector/internal/terraform/parser.go:605.3,605.21 1 0
github.com/yourusername/driftdetector/internal/terraform/parser.go:605.21,607.4 1 0
github.com/yourusername/driftdetector/internal/terraform/parser.go:608.3,608.98 1 0
github.com/yourusername/driftdetector/internal/terraform/parser.go:611.2,611.17 1 1
github.com/yourusername/driftdetector/internal/terraform/parser.go:615.85,618.16 2 1
github.com/yourusername/driftdetector/internal/terraform/parser.go:618.16,620.3 1 0
github.com/yourusername/driftdetector/internal/terraform/parser.go:622.2,623.13 2 1
github.com/yourusername/driftdetector/internal/terraform/parser.go:624.13,627.18 2 1
github.com/yourusername/driftdetector/internal/terraform/parser.go:627.18,629.4 1 0
github.com/yourusername/driftdetector/internal/terraform/parser.go:630.3,630.24 1 1
github.com/yourusername/driftdetector/internal/terraform/parser.go:630.24,632.4 1 0
github.com/yourusername/driftdetector/internal/terraform/parser.go:635.3,637.17 3 1
github.com/yourusername/driftdetector/internal/terraform/parser.go:637.17,639.4 1 0
github.com/yourusername/driftdetector/internal/terraform/parser.go:642.3,655.72 1 1
github.com/yourusername/driftdetector/internal/terraform/parser.go:655.72,656.25 1 1
github.com/yourusername/driftdetector/internal/terraform/parser.go:656.25,658.8 1 0
github.com/yourusername/driftdetector/internal/terraform/parser.go:659.7,660.37 2 1
github.com/yourusername/driftdetector/internal/terraform/parser.go:667.3,668.10 2 1
github.com/yourusername/driftdetector/internal/terraform/parser.go:668.10,670.4 1 0
github.com/yourusername/driftdetector/internal/terraform/parser.go:673.3,673.40 1 1
github.com/yourusername/driftdetector/internal/terraform/parser.go:673.40,674.95 1 1
github.com/yourusername/driftdetector/internal/terraform/parser.go:674.95,686.51 4 1
github.com/yourusername/driftdetector/internal/terraform/parser.go:686.51,688.20 2 1
github.com/yourusername/driftdetector/internal/terraform/parser.go:688.20,690.15 2 0
github.com/yourusername/driftdetector/internal/terraform/parser.go:694.6,694.23 1 1
github.com/yourusername/driftdetector/internal/terraform/parser.go:694.23,695.66 1 1
github.com/yourusername/driftdetector/internal/terraform/parser.go:695.66,697.8 1 0
github.com/yourusername/driftdetector/internal/terraform/parser.go:702.5,702.51 1 1
github.com/yourusername/driftdetector/internal/terraform/parser.go:702.51,703.30 1 1
github.com/yourusername/driftdetector/internal/terraform/parser.go:704.31,705.52 1 1
github.com/yourusername/driftdetector/internal/terraform/parser.go:707.30,708.51 1 1
github.com/yourusername/driftdetector/internal/terraform/parser.go:710.36,711.57 1 0
github.com/yourusername/driftdetector/internal/terraform/parser.go:713.31,714.53 1 1
github.com/yourusername/driftdetector/internal/terraform/parser.go:716.34,717.56 1 1
github.com/yourusername/driftdetector/internal/terraform/parser.go:719.30,720.52 1 1
github.com/yourusername/driftdetector/internal/terraform/parser.go:722.29,723.51 1 0
github.com/yourusername/driftdetector/internal/terraform/parser.go:725.33,726.55 1 0
github.com/yourusername/driftdetector/internal/terraform/parser.go:731.5,731.20 1 1
github.com/yourusername/driftdetector/internal/terraform/parser.go:735.3,735.71 1 0
github.com/yourusername/driftdetector/internal/terraform/parser.go:737.18,739.24 2 0
github.com/yourusername/driftdetector/internal/terraform/parser.go:739.24,741.4 1 0
github.com/yourusername/driftdetector/internal/terraform/parser.go:743.3,743.77 1 0
github.com/yourusername/driftdetector/internal/terraform/parser.go:745.10,746.64 1 0
github.com/yourusername/driftdetector/internal/terraform/parser.go:751.79,757.44 2 0
github.com/yourusername/driftdetector/internal/terraform/parser.go:757.44,758.41 1 0
github.com/yourusername/driftdetector/internal/terraform/parser.go:758.41,760.4 1 0
github.com/yourusername/driftdetector/internal/terraform/parser.go:763.2,763.34 1 0
github.com/yourusername/driftdetector/internal/terraform/parser.go:763.34,764.32 1 0
github.com/yourusername/driftdetector/internal/terraform/parser.go:764.32,766.4 1 0
github.com/yourusername/driftdetector/internal/terraform/parser.go:769.2,769.39 1 0
github.com/yourusername/driftdetector/internal/terraform/parser.go:769.39,770.36 1 0
github.com/yourusername/driftdetector/internal/terraform/parser.go:770.36,772.4 1 0
github.com/yourusername/driftdetector/internal/terraform/parser.go:776.2,776.40 1 0
github.com/yourusername/driftdetector/internal/terraform/parser.go:776.40,777.37 1 0
github.com/yourusername/driftdetector/internal/terraform/parser.go:777.37,779.4 1 0
github.com/yourusername/driftdetector/internal/terraform/parser.go:782.2,782.37 1 0
github.com/yourusername/driftdetector/internal/terraform/parser.go:782.37,783.34 1 0
github.com/yourusername/driftdetector/internal/terraform/parser.go:783.34,785.4 1 0
github.com/yourusername/driftdetector/internal/terraform/parser.go:789.2,789.53 1 0
github.com/yourusername/driftdetector/internal/terraform/parser.go:789.53,790.41 1 0
github.com/yourusername/driftdetector/internal/terraform/parser.go:790.41,791.31 1 0
github.com/yourusername/driftdetector/internal/terraform/parser.go:791.31,792.39 1 0
github.com/yourusername/driftdetector/internal/terraform/parser.go:792.39,796.6 1 0
github.com/yourusername/driftdetector/internal/terraform/parser.go:802.2,802.35 1 0
github.com/yourusername/driftdetector/internal/terraform/parser.go:802.35,803.49 1 0
github.com/yourusername/driftdetector/internal/terraform/parser.go:803.49,804.27 1 0
github.com/yourusername/driftdetector/internal/terraform/parser.go:804.27,805.37 1 0
github.com/yourusername/driftdetector/internal/terraform/parser.go:805.37,807.6 1 0
github.com/yourusername/driftdetector/internal/terraform/parser.go:813.2,813.48 1 0
github.com/yourusername/driftdetector/internal/terraform/parser.go:813.48,814.81 1 0
github.com/yourusername/driftdetector/internal/terraform/parser.go:814.81,815.79 1 0
github.com/yourusername/driftdetector/internal/terraform/parser.go:815.79,816.71 1 0
github.com/yourusername/driftdetector/internal/terraform/parser.go:816.71,818.6 1 0
github.com/yourusername/driftdetector/internal/terraform/parser.go:819.5,819.70 1 0
github.com/yourusername/driftdetector/internal/terraform/parser.go:819.70,821.6 1 0
github.com/yourusername/driftdetector/internal/terraform/parser.go:822.5,822.58 1 0
github.com/yourusername/driftdetector/internal/terraform/parser.go:822.58,825.6 2 0
github.com/yourusername/driftdetector/internal/terraform/parser.go:826.5,826.70 1 0
github.com/yourusername/driftdetector/internal/terraform/parser.go:826.70,829.6 2 0
github.com/yourusername/driftdetector/internal/terraform/parser.go:830.5,830.65 1 0
github.com/yourusername/driftdetector/internal/terraform/parser.go:830.65,832.6 1 0
github.com/yourusername/driftdetector/internal/terraform/parser.go:833.5,833.67 1 0
github.com/yourusername/driftdetector/internal/terraform/parser.go:833.67,835.6 1 0
github.com/yourusername/driftdetector/internal/terraform/parser.go:841.2,841.44 1 0
github.com/yourusername/driftdetector/internal/terraform/parser.go:841.44,843.9 2 0
github.com/yourusername/driftdetector/internal/terraform/parser.go:843.9,845.4 1 0
github.com/yourusername/driftdetector/internal/terraform/parser.go:849.2,849.41 1 0
github.com/yourusername/driftdetector/internal/terraform/parser.go:849.41,851.9 2 0
github.com/yourusername/driftdetector/internal/terraform/parser.go:851.9,853.4 1 0
github.com/yourusername/driftdetector/internal/terraform/parser.go:857.2,857.51 1 0
github.com/yourusername/driftdetector/internal/terraform/parser.go:857.51,858.39 1 0
github.com/yourusername/driftdetector/internal/terraform/parser.go:858.39,860.4 1 0
github.com/yourusername/driftdetector/internal/terraform/parser.go:864.2,864.48 1 0
github.com/yourusername/driftdetector/internal/terraform/parser.go:864.48,865.31 1 0
github.com/yourusername/driftdetector/internal/terraform/parser.go:865.31,867.4 1 0
github.com/yourusername/driftdetector/internal/terraform/parser.go:870.2,870.38 1 0
github.com/yourusername/driftdetector/internal/terraform/parser.go:870.38,871.36 1 0
github.com/yourusername/driftdetector/internal/terraform/parser.go:871.36,873.4 1 0
github.com/yourusername/driftdetector/internal/terraform/parser.go:876.2,876.46 1 0
github.com/yourusername/driftdetector/internal/terraform/parser.go:876.46,877.43 1 0
github.com/yourusername/driftdetector/internal/terraform/parser.go:877.43,879.4 1 0
github.com/yourusername/driftdetector/internal/terraform/parser.go:882.2,882.12 1 0
github.com/yourusername/driftdetector/internal/terraform/parser.go:886.89,887.20 1 0
github.com/yourusername/driftdetector/internal/terraform/parser.go:887.20,889.3 1 0
github.com/yourusername/driftdetector/internal/terraform/parser.go:891.2,892.16 2 0
github.com/yourusername/driftdetector/internal/terraform/parser.go:892.16,894.3 1 0
github.com/yourusername/driftdetector/internal/terraform/parser.go:897.2,902.61 5 0
github.com/yourusername/driftdetector/internal/terraform/parser.go:902.61,904.3 1 0
github.com/yourusername/driftdetector/internal/terraform/parser.go:907.2,910.25 3 0
github.com/yourusername/driftdetector/internal/terraform/parser.go:910.25,912.3 1 0
github.com/yourusername/driftdetector/internal/terraform/parser.go:914.2,914.46 1 0
github.com/yourusername/driftdetector/internal/terraform/parser.go:914.46,916.3 1 0
github.com/yourusername/driftdetector/internal/terraform/parser.go:918.2,921.61 2 0
github.com/yourusername/driftdetector/internal/terraform/parser.go:921.61,922.22 1 0
github.com/yourusername/driftdetector/internal/terraform/parser.go:922.22,924.12 2 0
github.com/yourusername/driftdetector/internal/terraform/parser.go:927.3,928.38 2 0
github.com/yourusername/driftdetector/internal/terraform/parser.go:928.38,931.18 3 0
github.com/yourusername/driftdetector/internal/terraform/parser.go:931.18,933.13 2 0
github.com/yourusername/driftdetector/internal/terraform/parser.go:935.4,935.47 1 0
github.com/yourusername/driftdetector/internal/terraform/parser.go:939.3,939.63 1 0
github.com/yourusername/driftdetector/internal/terraform/parser.go:939.63,940.21 1 0
github.com/yourusername/driftdetector/internal/terraform/parser.go:940.21,942.13 2 0
github.com/yourusername/driftdetector/internal/terraform/parser.go:945.4,947.39 2 0
github.com/yourusername/driftdetector/internal/terraform/parser.go:947.39,948.17 1 0
github.com/yourusername/driftdetector/internal/terraform/parser.go:948.17,950.14 2 0
github.com/yourusername/driftdetector/internal/terraform/parser.go:953.5,954.33 2 0
github.com/yourusername/driftdetector/internal/terraform/parser.go:954.33,957.20 3 0
github.com/yourusername/driftdetector/internal/terraform/parser.go:957.20,959.15 2 0
github.com/yourusername/driftdetector/internal/terraform/parser.go:961.6,961.49 1 0
github.com/yourusername/driftdetector/internal/terraform/parser.go:967.2,967.26 1 0
github.com/yourusername/driftdetector/internal/terraform/parser.go:967.26,969.3 1 0
github.com/yourusername/driftdetector/internal/terraform/parser.go:971.2,971.24 1 0
github.com/yourusername/driftdetector/internal/terraform/parser.go:975.94,976.21 1 0
github.com/yourusername/driftdetector/internal/terraform/parser.go:976.21,978.3 1 0
github.com/yourusername/driftdetector/internal/terraform/parser.go:981.2,995.71 5 0
github.com/yourusername/driftdetector/internal/terraform/parser.go:995.71,999.3 3 0
github.com/yourusername/driftdetector/internal/terraform/parser.go:1002.2,1002.14 1 0
github.com/yourusername/driftdetector/internal/terraform/parser.go:1002.14,1003.81 1 0
github.com/yourusername/driftdetector/internal/terraform/parser.go:1003.81,1007.4 3 0
github.com/yourusername/driftdetector/internal/terraform/parser.go:1010.2,1010.14 1 0
github.com/yourusername/driftdetector/internal/terraform/parser.go:1010.14,1012.3 1 0
github.com/yourusername/driftdetector/internal/terraform/parser.go:1014.2,1017.102 2 0
github.com/yourusername/driftdetector/internal/terraform/parser.go:1017.102,1019.3 1 0
github.com/yourusername/driftdetector/internal/terraform/parser.go:1022.2,1022.74 1 0
github.com/yourusername/driftdetector/internal/terraform/parser.go:1022.74,1024.3 1 0
github.com/yourusername/driftdetector/internal/terraform/parser.go:1027.2,1027.79 1 0
github.com/yourusername/driftdetector/internal/terraform/parser.go:1027.79,1028.26 1 0
github.com/yourusername/driftdetector/internal/terraform/parser.go:1028.26,1029.36 1 0
github.com/yourusername/driftdetector/internal/terraform/parser.go:1029.36,1031.5 1 0
github.com/yourusername/driftdetector/internal/terraform/parser.go:1036.2,1036.89 1 0
github.com/yourusername/driftdetector/internal/terraform/parser.go:1036.89,1037.28 1 0
github.com/yourusername/driftdetector/internal/terraform/parser.go:1037.28,1038.36 1 0
github.com/yourusername/driftdetector/internal/terraform/parser.go:1038.36,1043.5 1 0
github.com/yourusername/driftdetector/internal/terraform/parser.go:1048.2,1048.90 1 0
github.com/yourusername/driftdetector/internal/terraform/parser.go:1048.90,1050.3 1 0
github.com/yourusername/driftdetector/internal/terraform/parser.go:1053.2,1053.87 1 0
github.com/yourusername/driftdetector/internal/terraform/parser.go:1053.87,1055.3 1 0
github.com/yourusername/driftdetector/internal/terraform/parser.go:1058.2,1058.124 1 0
github.com/yourusername/driftdetector/internal/terraform/parser.go:1058.124,1059.78 1 0
github.com/yourusername/driftdetector/internal/terraform/parser.go:1059.78,1060.70 1 0
github.com/yourusername/driftdetector/internal/terraform/parser.go:1060.70,1062.5 1 0
github.com/yourusername/driftdetector/internal/terraform/parser.go:1063.4,1063.69 1 0
github.com/yourusername/driftdetector/internal/terraform/parser.go:1063.69,1065.5 1 0
github.com/yourusername/driftdetector/internal/terraform/parser.go:1069.2,1069.43 1 0
