mode: set
github.com/yourusername/driftdetector/internal/aws/client.go:25.74,27.16 2 0
github.com/yourusername/driftdetector/internal/aws/client.go:27.16,29.3 1 0
github.com/yourusername/driftdetector/internal/aws/client.go:31.2,33.8 1 0
github.com/yourusername/driftdetector/internal/aws/client.go:37.111,38.22 1 0
github.com/yourusername/driftdetector/internal/aws/client.go:38.22,40.3 1 0
github.com/yourusername/driftdetector/internal/aws/client.go:42.2,47.16 3 0
github.com/yourusername/driftdetector/internal/aws/client.go:47.16,49.3 1 0
github.com/yourusername/driftdetector/internal/aws/client.go:51.2,51.81 1 0
github.com/yourusername/driftdetector/internal/aws/client.go:51.81,53.3 1 0
github.com/yourusername/driftdetector/internal/aws/client.go:55.2,56.47 2 0
github.com/yourusername/driftdetector/internal/aws/client.go:59.78,73.45 2 1
github.com/yourusername/driftdetector/internal/aws/client.go:73.45,78.3 1 1
github.com/yourusername/driftdetector/internal/aws/client.go:81.2,81.36 1 1
github.com/yourusername/driftdetector/internal/aws/client.go:81.36,82.41 1 1
github.com/yourusername/driftdetector/internal/aws/client.go:82.41,84.4 1 1
github.com/yourusername/driftdetector/internal/aws/client.go:87.2,87.12 1 1
github.com/yourusername/driftdetector/internal/aws/client_wrapper.go:42.89,43.18 1 1
github.com/yourusername/driftdetector/internal/aws/client_wrapper.go:43.18,45.3 1 1
github.com/yourusername/driftdetector/internal/aws/client_wrapper.go:48.2,48.63 1 1
github.com/yourusername/driftdetector/internal/aws/client_wrapper.go:48.63,50.3 1 1
github.com/yourusername/driftdetector/internal/aws/client_wrapper.go:53.2,56.41 1 1
github.com/yourusername/driftdetector/internal/aws/client_wrapper.go:56.41,58.4 1 1
github.com/yourusername/driftdetector/internal/aws/client_wrapper.go:60.2,60.16 1 1
github.com/yourusername/driftdetector/internal/aws/client_wrapper.go:60.16,62.3 1 0
github.com/yourusername/driftdetector/internal/aws/client_wrapper.go:65.2,75.8 3 1
github.com/yourusername/driftdetector/internal/aws/client_wrapper.go:79.118,80.22 1 1
github.com/yourusername/driftdetector/internal/aws/client_wrapper.go:80.22,82.3 1 0
github.com/yourusername/driftdetector/internal/aws/client_wrapper.go:85.2,96.16 5 1
github.com/yourusername/driftdetector/internal/aws/client_wrapper.go:96.16,99.113 2 1
github.com/yourusername/driftdetector/internal/aws/client_wrapper.go:99.113,102.4 2 0
github.com/yourusername/driftdetector/internal/aws/client_wrapper.go:105.3,109.30 2 1
github.com/yourusername/driftdetector/internal/aws/client_wrapper.go:109.30,110.30 1 0
github.com/yourusername/driftdetector/internal/aws/client_wrapper.go:111.38,113.63 2 0
github.com/yourusername/driftdetector/internal/aws/client_wrapper.go:114.39,116.91 2 0
github.com/yourusername/driftdetector/internal/aws/client_wrapper.go:120.3,121.65 2 1
github.com/yourusername/driftdetector/internal/aws/client_wrapper.go:124.2,124.81 1 1
github.com/yourusername/driftdetector/internal/aws/client_wrapper.go:124.81,127.3 2 1
github.com/yourusername/driftdetector/internal/aws/client_wrapper.go:129.2,137.20 4 1
